<?xml version="1.0" encoding="UTF-8"?>
<testng-results ignored="0" total="1" passed="1" failed="0" skipped="0">
  <reporter-output>
  </reporter-output>
  <suite started-at="2023-12-04T01:15:48 GMT" name="HomePage" finished-at="2023-12-04T01:15:55 GMT" duration-ms="6753">
    <groups>
      <group name="cucumber">
        <method signature="AbstractTestNGCucumberTests.runScenario(io.cucumber.testng.PickleWrapper,io.cucumber.testng.FeatureWrapper)[pri:0, instance:testrunners.MyTestRunner@13330ac6]" name="runScenario" class="io.cucumber.testng.AbstractTestNGCucumberTests"/>
      </group> <!-- cucumber -->
    </groups>
    <test started-at="2023-12-04T01:15:48 GMT" name="HomePage_test" finished-at="2023-12-04T01:15:55 GMT" duration-ms="6753">
      <class name="testrunners.MyTestRunner">
        <test-method is-config="true" signature="setUpClass(org.testng.ITestContext)[pri:0, instance:testrunners.MyTestRunner@13330ac6]" started-at="2023-12-04T01:15:48 GMT" name="setUpClass" finished-at="2023-12-04T01:15:50 GMT" duration-ms="1079" status="PASS">
          <params>
            <param index="0">
              <value>
                <![CDATA[org.testng.TestRunner@767e20cf]]>
              </value>
            </param>
          </params>
          <reporter-output>
          </reporter-output>
        </test-method> <!-- setUpClass -->
        <test-method signature="runScenario(io.cucumber.testng.PickleWrapper,io.cucumber.testng.FeatureWrapper)[pri:0, instance:testrunners.MyTestRunner@13330ac6]" started-at="2023-12-04T01:15:50 GMT" name="runScenario" description="Runs Cucumber Scenarios" data-provider="scenarios" finished-at="2023-12-04T01:15:54 GMT" duration-ms="4586" status="PASS">
          <params>
            <param index="0">
              <value>
                <![CDATA["Navigate to Registration page from Index page"]]>
              </value>
            </param>
            <param index="1">
              <value>
                <![CDATA["HomePage"]]>
              </value>
            </param>
          </params>
          <reporter-output>
          </reporter-output>
        </test-method> <!-- runScenario -->
        <test-method is-config="true" signature="tearDownClass()[pri:0, instance:testrunners.MyTestRunner@13330ac6]" started-at="2023-12-04T01:15:54 GMT" name="tearDownClass" finished-at="2023-12-04T01:15:55 GMT" duration-ms="988" status="PASS">
          <reporter-output>
          </reporter-output>
        </test-method> <!-- tearDownClass -->
      </class> <!-- testrunners.MyTestRunner -->
    </test> <!-- HomePage_test -->
  </suite> <!-- HomePage -->
</testng-results>
